<?xml version="1.0" encoding="UTF-8"?>
	
<project name="local-cp">

	<!-- properties:
		tmpdir, cp, ls 
		are set by unit test
	-->

	<foreach name="map">
		<description>first map</description>
		<input>
			<fileset path="${tmpdir}/input" />
		</input>
		<output>
			<file id="mapOut" path="${tmpdir}/map1/${foreach:filename}" />
		</output>
		<exec binary="${cp}">
			<parameter processing_function="normalizePath">
				<literal value="&quot;" />
				<literal value="${foreach:path}" />
				<literal value="&quot;" />
			</parameter>
			<parameter processing_function="normalizePath">
				<literal value="&quot;" />
				<reference idref="mapOut" />
				<literal value="&quot;" />
			</parameter>
		</exec>
	</foreach>

</project>