<project name="local-cp">

	<!-- properties:
			tmpdir, cp, ls 
			are set by unit test
	-->

	<foreach name="map11">
		<input>
			<fileset path="${tmpdir}/input" />
		</input>
		<output>
			<file id="map11Out" path="${tmpdir}/map11/${foreach:filename}" />
		</output>
		<exec binary="${cp}">
			<parameter processing_function="normalizePath">
				<literal value="&quot;" />
				<literal value="${foreach:path}" />
				<literal value="&quot;" />
			</parameter>
			<parameter processing_function="normalizePath">
				<literal value="&quot;" />
				<reference idref="map11Out" />
				<literal value="&quot;" />
			</parameter>
		</exec>
	</foreach>
	<foreach name="map12">
		<input>
			<fileset path="${tmpdir}/input" />
		</input>
		<output>
			<file id="map12Out" path="${tmpdir}/map12/${foreach:filename}" />
		</output>
		<exec binary="${cp}">
			<parameter processing_function="normalizePath">
				<literal value="&quot;" />
				<literal value="${foreach:path}" />
				<literal value="&quot;" />
			</parameter>
			<parameter processing_function="normalizePath">
				<literal value="&quot;" />
				<reference idref="map12Out" />
				<literal value="&quot;" />
			</parameter>
		</exec>
	</foreach>
	<foreach name="map21">
		<input>
			<fileset path="${tmpdir}/map11" />
		</input>
		<output>
			<file id="map21Out" path="${tmpdir}/map21/${foreach:filename}" />
		</output>
		<exec binary="${cp}">
			<parameter processing_function="normalizePath">
				<literal value="&quot;" />
				<literal value="${foreach:path}" />
				<literal value="&quot;" />
			</parameter>
			<parameter processing_function="normalizePath">
				<literal value="&quot;" />
				<reference idref="map21Out" />
				<literal value="&quot;" />
			</parameter>
		</exec>
	</foreach>
	<foreach name="map22">
		<input>
			<fileset path="${tmpdir}/map12" />
		</input>
		<output>
			<file id="map22Out" path="${tmpdir}/map22/${foreach:filename}" />
		</output>
		<exec binary="${cp}">
			<parameter processing_function="normalizePath">
				<literal value="&quot;" />
				<literal value="${foreach:path}" />
				<literal value="&quot;" />
			</parameter>
			<parameter processing_function="normalizePath">
				<literal value="&quot;" />
				<reference idref="map22Out" />
				<literal value="&quot;" />
			</parameter>
		</exec>
	</foreach>
	<fold name="reduce1">
		<input>
			<file id="reduce1In" path="${tmpdir}/map21" />
		</input>
		<output>
			<file id="output1" path="${tmpdir}/output1.txt" />
		</output>
		<exec binary="${ls}">
			<parameter processing_function="normalizePath">
				<literal value="&quot;" />
				<reference idref="reduce1In" />
				<literal value="&quot;" />
			</parameter>
			<parameter>
				<literal value=">" />
			</parameter>
			<parameter processing_function="normalizePath">
				<literal value="&quot;" />
				<reference idref="output1" />
				<literal value="&quot;" />
			</parameter>
		</exec>
	</fold>
	<fold name="reduce2">
		<description>first reduce</description>
		<input>
			<file id="reduce2In" path="${tmpdir}/map22" />
		</input>
		<output>
			<file id="output2" path="${tmpdir}/output2.txt" />
		</output>
		<exec binary="${ls}">
			<parameter processing_function="normalizePath">
				<literal value="&quot;" />
				<reference idref="reduce2In" />
				<literal value="&quot;" />
			</parameter>
			<parameter>
				<literal value=">" />
			</parameter>
			<parameter processing_function="normalizePath">
				<literal value="&quot;" />
				<reference idref="output2" />
				<literal value="&quot;" />
			</parameter>
		</exec>
	</fold>

</project>