<?xml version="1.0" encoding="UTF-8"?>
	
<project name="test-dependencies">

	<!-- properties:
		tmpdir, cp, dependency.file
		are set by unit test
	-->

	<fold name="dependency-foreach">
		<dependencies>
			<file id="input" path="${dependency.file}"/>
		</dependencies>
		<input>
			<file path="${tmpdir}/input" />
		</input>
		<output>
			<file id="out" path="${tmpdir}/output/file" />
		</output>
		<exec binary="${cp}">
			<parameter processing_function="normalizePath">
				<literal value="&quot;" />
				<reference idref="input" />
				<literal value="&quot;" />
			</parameter>
			<parameter processing_function="normalizePath">
				<literal value="&quot;" />
				<reference idref="out" />
				<literal value="&quot;" />
			</parameter>
		</exec>
	</fold>

</project>